<?xml version="1.0" encoding="UTF-8"?>
<!-- Generated by org.testng.reporters.JUnitReportReporter -->
<testsuite hostname="LS76" failures="0" tests="2" name="sample.iOSTest" time="6.238" errors="1" timestamp="2025-01-24T10:46:20 IST" skipped="1">
  <testcase classname="sample.iOSTest" name="testLogin" time="0.000">
    <skipped/>
  </testcase> <!-- testLogin -->
  <testcase classname="sample.iOSTest" name="setup" time="6.238">
    <error message="Could not start a new session. Response code 500. Message: An unknown server-side error occurred while processing the command. Original error: Unknown device or simulator UDID: &#039;fe0837024a9bdd5803806ebd32bdfdaa0ab9eb85&#039; 
Host info: host: &#039;LS76&#039;, ip: &#039;192.168.0.106&#039;
Build info: version: &#039;4.20.0&#039;, revision: &#039;866c76ca80&#039;
System info: os.name: &#039;Windows 11&#039;, os.arch: &#039;amd64&#039;, os.version: &#039;10.0&#039;, java.version: &#039;21.0.5&#039;
Driver info: io.appium.java_client.ios.IOSDriver
Command: [null, newSession {capabilities=[{appium:platformVersion=15.8, appium:app=C:\Users\LS78\Downloads\RapL.ipa, appium:NoReset=true, appium:bundlId=com.linkstreet.apps.rapl, appium:autoGrantPermissions=true, appium:deviceName=iPhone7, platformName=IOS, appium:newCommandTimeout=300, appium:autoAcceptAlerts=true, appium:automationName=XCUITest, appium:udid=fe0837024a9bdd5803806ebd32bdfdaa0ab9eb85}], desiredCapabilities=Capabilities {NoReset: true, app: C:\Users\LS78\Downloads\Rap..., autoAcceptAlerts: true, autoGrantPermissions: true, automationName: XCUITest, bundlId: com.linkstreet.apps.rapl, deviceName: iPhone7, newCommandTimeout: 300, platformName: IOS, platformVersion: 15.8, udid: fe0837024a9bdd5803806ebd32b...}}]
Capabilities {NoReset: true, app: C:\Users\LS78\Downloads\Rap..., autoAcceptAlerts: true, autoGrantPermissions: true, automationName: XCUITest, bundlId: com.linkstreet.apps.rapl, deviceName: iPhone7, newCommandTimeout: 300, platformName: IOS, platformVersion: 15.8, udid: fe0837024a9bdd5803806ebd32b...}" type="org.openqa.selenium.SessionNotCreatedException">
      <![CDATA[org.openqa.selenium.SessionNotCreatedException: Could not start a new session. Response code 500. Message: An unknown server-side error occurred while processing the command. Original error: Unknown device or simulator UDID: 'fe0837024a9bdd5803806ebd32bdfdaa0ab9eb85' 
Host info: host: 'LS76', ip: '192.168.0.106'
Build info: version: '4.20.0', revision: '866c76ca80'
System info: os.name: 'Windows 11', os.arch: 'amd64', os.version: '10.0', java.version: '21.0.5'
Driver info: io.appium.java_client.ios.IOSDriver
Command: [null, newSession {capabilities=[{appium:platformVersion=15.8, appium:app=C:\Users\LS78\Downloads\RapL.ipa, appium:NoReset=true, appium:bundlId=com.linkstreet.apps.rapl, appium:autoGrantPermissions=true, appium:deviceName=iPhone7, platformName=IOS, appium:newCommandTimeout=300, appium:autoAcceptAlerts=true, appium:automationName=XCUITest, appium:udid=fe0837024a9bdd5803806ebd32bdfdaa0ab9eb85}], desiredCapabilities=Capabilities {NoReset: true, app: C:\Users\LS78\Downloads\Rap..., autoAcceptAlerts: true, autoGrantPermissions: true, automationName: XCUITest, bundlId: com.linkstreet.apps.rapl, deviceName: iPhone7, newCommandTimeout: 300, platformName: IOS, platformVersion: 15.8, udid: fe0837024a9bdd5803806ebd32b...}}]
Capabilities {NoReset: true, app: C:\Users\LS78\Downloads\Rap..., autoAcceptAlerts: true, autoGrantPermissions: true, automationName: XCUITest, bundlId: com.linkstreet.apps.rapl, deviceName: iPhone7, newCommandTimeout: 300, platformName: IOS, platformVersion: 15.8, udid: fe0837024a9bdd5803806ebd32b...}
at org.openqa.selenium.remote.ProtocolHandshake.createSession(ProtocolHandshake.java:114)
at java.base/jdk.internal.reflect.DirectMethodHandleAccessor.invoke(DirectMethodHandleAccessor.java:103)
at java.base/java.lang.reflect.Method.invoke(Method.java:580)
at io.appium.java_client.remote.AppiumProtocolHandshake.createSession(AppiumProtocolHandshake.java:116)
at io.appium.java_client.remote.AppiumProtocolHandshake.createSession(AppiumProtocolHandshake.java:96)
at io.appium.java_client.remote.AppiumCommandExecutor.createSession(AppiumCommandExecutor.java:176)
at io.appium.java_client.remote.AppiumCommandExecutor.execute(AppiumCommandExecutor.java:237)
at org.openqa.selenium.remote.RemoteWebDriver.execute(RemoteWebDriver.java:518)
at io.appium.java_client.AppiumDriver.startSession(AppiumDriver.java:268)
at org.openqa.selenium.remote.RemoteWebDriver.<init>(RemoteWebDriver.java:161)
at io.appium.java_client.AppiumDriver.<init>(AppiumDriver.java:90)
at io.appium.java_client.AppiumDriver.<init>(AppiumDriver.java:102)
at io.appium.java_client.ios.IOSDriver.<init>(IOSDriver.java:101)
at capabilities.CapabilitiesConfig.iOSDriver(CapabilitiesConfig.java:70)
at sample.iOSTest.setup(iOSTest.java:39)
at java.base/jdk.internal.reflect.DirectMethodHandleAccessor.invoke(DirectMethodHandleAccessor.java:103)
at java.base/java.lang.reflect.Method.invoke(Method.java:580)
at org.testng.internal.invokers.MethodInvocationHelper.invokeMethod(MethodInvocationHelper.java:141)
at org.testng.internal.invokers.MethodInvocationHelper.invokeMethodConsideringTimeout(MethodInvocationHelper.java:71)
at org.testng.internal.invokers.ConfigInvoker.invokeConfigurationMethod(ConfigInvoker.java:400)
at org.testng.internal.invokers.ConfigInvoker.invokeConfigurations(ConfigInvoker.java:333)
at org.testng.internal.invokers.TestMethodWorker.invokeBeforeClassMethods(TestMethodWorker.java:188)
at org.testng.internal.invokers.TestMethodWorker.run(TestMethodWorker.java:128)
at java.base/java.util.ArrayList.forEach(ArrayList.java:1596)
at org.testng.TestRunner.privateRun(TestRunner.java:739)
at org.testng.TestRunner.run(TestRunner.java:614)
at org.testng.SuiteRunner.runTest(SuiteRunner.java:421)
at org.testng.SuiteRunner.runSequentially(SuiteRunner.java:413)
at org.testng.SuiteRunner.privateRun(SuiteRunner.java:373)
at org.testng.SuiteRunner.run(SuiteRunner.java:312)
at org.testng.SuiteRunnerWorker.runSuite(SuiteRunnerWorker.java:52)
at org.testng.SuiteRunnerWorker.run(SuiteRunnerWorker.java:95)
at org.testng.TestNG.runSuitesSequentially(TestNG.java:1274)
at org.testng.TestNG.runSuitesLocally(TestNG.java:1208)
at org.testng.TestNG.runSuites(TestNG.java:1112)
at org.testng.TestNG.run(TestNG.java:1079)
at org.testng.remote.AbstractRemoteTestNG.run(AbstractRemoteTestNG.java:115)
at org.testng.remote.RemoteTestNG.initAndRun(RemoteTestNG.java:293)
at org.testng.remote.RemoteTestNG.main(RemoteTestNG.java:91)
]]>
    </error>
  </testcase> <!-- setup -->
</testsuite> <!-- sample.iOSTest -->
